<?xml version="1.0" encoding="UTF-8"?>
<!-- Generated by org.testng.reporters.JUnitXMLReporter -->
<testsuite ignored="0" hostname="DESKTOP-9E4JO2B" failures="0" tests="5" name="Default test" time="36.422" errors="0" timestamp="2023-02-20T22:56:01 IST">
  <testcase classname="Jenkins.Selenium1" name="launchbrowser" time="15.466"/>
  <testcase classname="Jenkins.Selenium1" name="test1" time="4.571"/>
  <testcase classname="Jenkins.Selenium1" name="test2" time="0.441"/>
  <testcase classname="Jenkins.Selenium1" name="test3" time="10.481"/>
  <testcase classname="Jenkins.Selenium1" name="Closebrowser" time="5.211"/>
</testsuite> <!-- Default test -->
