<?xml version="1.0" encoding="UTF-8"?>
<testng-results ignored="0" total="5" passed="5" failed="0" skipped="0">
  <reporter-output>
  </reporter-output>
  <suite started-at="2023-02-20T22:55:25 IST" name="Default suite" finished-at="2023-02-20T22:56:01 IST" duration-ms="36422">
    <groups>
    </groups>
    <test started-at="2023-02-20T22:55:25 IST" name="Default test" finished-at="2023-02-20T22:56:01 IST" duration-ms="36422">
      <class name="Jenkins.Selenium1">
        <test-method signature="launchbrowser()[pri:1, instance:Jenkins.Selenium1@4567f35d]" started-at="2023-02-20T22:55:25 IST" name="launchbrowser" finished-at="2023-02-20T22:55:40 IST" duration-ms="15466" status="PASS">
          <reporter-output>
          </reporter-output>
        </test-method> <!-- launchbrowser -->
        <test-method signature="test1()[pri:2, instance:Jenkins.Selenium1@4567f35d]" started-at="2023-02-20T22:55:40 IST" name="test1" finished-at="2023-02-20T22:55:45 IST" duration-ms="4571" status="PASS">
          <reporter-output>
          </reporter-output>
        </test-method> <!-- test1 -->
        <test-method signature="test2()[pri:3, instance:Jenkins.Selenium1@4567f35d]" started-at="2023-02-20T22:55:45 IST" name="test2" finished-at="2023-02-20T22:55:45 IST" duration-ms="441" status="PASS">
          <reporter-output>
          </reporter-output>
        </test-method> <!-- test2 -->
        <test-method signature="test3()[pri:4, instance:Jenkins.Selenium1@4567f35d]" started-at="2023-02-20T22:55:45 IST" name="test3" finished-at="2023-02-20T22:55:56 IST" duration-ms="10481" status="PASS">
          <reporter-output>
          </reporter-output>
        </test-method> <!-- test3 -->
        <test-method signature="Closebrowser()[pri:5, instance:Jenkins.Selenium1@4567f35d]" started-at="2023-02-20T22:55:56 IST" name="Closebrowser" finished-at="2023-02-20T22:56:01 IST" duration-ms="5211" status="PASS">
          <reporter-output>
          </reporter-output>
        </test-method> <!-- Closebrowser -->
      </class> <!-- Jenkins.Selenium1 -->
    </test> <!-- Default test -->
  </suite> <!-- Default suite -->
</testng-results>
